<?xml version="1.0" encoding="utf-8"?>
<testsuites failures="1" errors="3" tests="4">
	<testsuite name="SwiftLint" failures="1" errors="3" tests="4">
		<testcase classname='Formatting Test' name='filename'>
			<failure message='Violation Reason 1' line='1'>Warning:Line:1</failure>
		</testcase>
		<testcase classname='Formatting Test' name='filename'>
			<failure message='Violation Reason 2' line='1'>Error:Line:1</failure>
		</testcase>
		<testcase classname='Formatting Test' name='${CURRENT_WORKING_DIRECTORY}/path/file.swift'>
			<failure message='Shorthand syntactic sugar should be used, i.e. [Int] instead of Array&lt;Int&gt;' line='1'>Error:Line:1</failure>
		</testcase>
		<testcase classname='Formatting Test' name='&lt;nopath&gt;'>
			<failure message='Colons should be next to the identifier when specifying a type and next to the key in dictionary literals' line='0'>Error:Line:0</failure>
		</testcase>
	</testsuite>
</testsuites>